2023-09-25T05:18:29.613Z info: 
{"requestId":"f7f880be-a388-40d1-8647-63f8201bcbcb"}
2023-09-25T05:20:30.375Z info: 
{"requestId":"42295150-0946-4f29-a16b-78c2ac3972cf"}
2023-09-25T05:24:21.246Z info: 
{"requestId":"f0ba0603-1250-4a85-821d-2ae7c3cc16e6"}
2023-09-25T05:25:23.674Z info: 
{"requestId":"9f3a21d3-6de7-4040-a8ad-8be7e6cc84ad"}
2023-09-25T05:26:23.660Z info: 
{"requestId":"2cc7c188-f691-4302-bfb5-a512589d76d2"}
2023-09-25T05:41:30.021Z info: 
{"requestId":"3ad4956c-9751-4e8b-8607-1ca9dbc6326a"}
2023-09-25T05:44:10.830Z info: 
{"requestId":"b0a2183a-c563-41c5-83f3-2e20fd4531a9"}
2023-09-25T06:05:48.050Z info: 
{"requestId":"467b92a7-0890-4c95-a123-a6649546113f"}
2023-09-25T06:06:24.632Z info: 
{"requestId":"61eeb525-51a6-4147-95f3-cdd90b5f712d"}
2023-09-25T06:07:20.021Z info: 
{"requestId":"806ef3d2-2830-44bb-9c18-600b24806752"}
2023-09-25T06:50:42.697Z info: 
{"requestId":"34af6a9a-97e2-4a5c-8ea5-04c25eaa7981"}
2023-09-25T06:51:12.242Z info: 
{"requestId":"7a92a046-5aad-433f-839c-4cdbffdcdf74"}
2023-09-25T06:57:36.324Z info: 
{"requestId":"1895a2e7-1c5c-4409-81b9-74fbd45a853a"}
2023-09-25T06:58:35.727Z info: 
{"requestId":"847fc6ec-c3ef-4424-a9e3-ff90f49b3c27"}
2023-09-25T07:00:55.067Z info: 
{"requestId":"dcd49585-8301-4a1c-bb32-494c6ff69a0f"}
2023-09-25T07:01:06.817Z info: 
{"requestId":"cc1bf0c4-bf43-489a-b96b-881952ad530c"}
2023-09-25T07:01:15.831Z info: 
{"requestId":"4027454d-6c0a-45d1-94e0-d4f9158b0275"}
2023-09-25T07:09:58.050Z info: 
{"requestId":"1a3b08a0-aeeb-4313-a656-75b5c6937411"}
2023-09-25T07:12:48.685Z info: 
{"requestId":"4665220a-4df8-4a05-90a7-2272cd3cc6ed"}
2023-09-25T07:12:54.883Z info: 
{"requestId":"a7da7d8d-d925-44cb-875c-b517d607d771"}
2023-09-25T07:12:56.605Z info: 
{"requestId":"482818b6-6ee0-4543-b79b-93faebce5770"}
2023-09-25T07:19:09.838Z info: 
{"requestId":"2cfd8a64-7487-47ce-82e6-899ad3ffd502"}
2023-09-25T07:19:15.202Z info: 
{"requestId":"56dbaeb9-1c46-4a3c-8b3b-2989ce2ec49e"}
2023-09-25T07:33:44.797Z info: 
{"requestId":"44553c70-2823-477c-aca6-638faef1c751"}
2023-09-25T09:27:25.826Z info: 
{"requestId":"f6b3a6d2-4ca5-49a7-a419-b76038ff0ebf"}
2023-09-25T09:34:23.382Z info: 
{"requestId":"b41d97d3-3064-4b65-838f-420ed9c6c31b"}
2023-09-25T09:35:08.278Z info: 
{"requestId":"0b61f04b-ca07-47c3-a584-b6cebde3d522"}
2023-09-25T09:36:44.867Z info: 
{"requestId":"fee1954f-8db5-4317-8876-c199e945d95e"}
2023-09-25T09:38:55.944Z info: 
{"requestId":"0f39a35f-5210-44bd-ab2a-9baec58e9bc7"}
2023-09-25T09:41:22.603Z info: 
{"requestId":"081d03fd-0d5c-4dc7-9613-edbcc30117f0"}
2023-09-25T09:44:43.220Z info: 
{"requestId":"96a9e3c5-f353-4a9f-8fb3-88ce2e43836d"}
2023-09-25T09:47:33.186Z info: 
{"requestId":"ceafa4ff-ad9c-4bd9-9273-7c5565caf2ef"}
2023-09-25T11:08:47.743Z info: 
{"requestId":"19a879c6-cf89-4136-9a0d-3e9fe1616556"}
2023-09-25T11:54:28.244Z info: 
{"requestId":"f81be5b9-92af-48d3-a63f-559b0dca2cb3"}
2023-09-25T12:18:25.803Z info: 
{"requestId":"ad4e01e6-cedc-405b-b2c0-f9a5b1e8fec4"}
2023-09-25T13:10:57.901Z info: 
{"requestId":"a2f44af4-a55f-47ea-8c61-0f6a838f3f1a"}
2023-09-25T13:19:08.653Z info: 
{"requestId":"cdac6024-1483-415b-80d8-8ffb7151811d"}
2023-09-26T03:44:27.304Z info: 
{"requestId":"f8a0196d-7fbb-4b7b-87a1-f75daaa437eb"}
2023-09-26T03:44:48.080Z info: 
{"requestId":"73a35f36-4a87-45f1-aed6-f8b1dcd3a07c"}
2023-09-26T03:45:03.010Z info: 
{"requestId":"091030e4-4be0-420d-89d3-694600d620b3"}
2023-09-26T04:07:26.816Z info: 
{"requestId":"4bdf0c53-fc02-4a83-8f2a-83037d4369fb"}
2023-09-26T04:08:54.963Z info: 
{"requestId":"d615766b-ac7d-41b2-9ac9-2ae2d7a85ca5"}
2023-09-26T04:10:19.835Z info: 
{"requestId":"8ee9582b-91c5-41b5-933b-902d81768f0f"}
2023-09-26T04:10:36.474Z info: 
{"requestId":"655dc3c0-8614-431d-9d56-5788013742fe"}
2023-09-26T04:20:55.663Z info: 
{"requestId":"b62ff573-d37b-4946-9e58-8559643e9e50"}
2023-09-26T04:21:47.723Z info: 
{"requestId":"46e3e008-8f5f-47dc-b00c-c29deab75ac5"}
2023-09-26T04:22:11.217Z info: 
{"requestId":"2e8c89dc-b858-4e44-9871-7fb41ef5701d"}
2023-09-26T04:23:17.234Z info: 
{"requestId":"daaa5cd5-52f9-4894-ac73-e92074bbe592"}
2023-09-26T04:34:09.309Z info: 
{"requestId":"e3689caa-ede2-4c3f-8937-57f30715e657"}
2023-09-26T04:46:36.046Z info: 
{"requestId":"06fd064c-ee58-4e08-9c41-ce4088915517"}
2023-09-26T04:46:52.662Z info: 
{"requestId":"f1de92ac-3ea6-4e29-a455-676f60a33ff7"}
2023-09-26T04:49:24.848Z info: 
{"requestId":"08ac425f-0733-4920-aa6b-e1d4dab3b4de"}
2023-09-26T05:33:02.136Z info: 
{"requestId":"f0bb821d-2d75-4dd9-8129-a3c18d57f212"}
2023-09-26T05:35:21.658Z info: 
{"requestId":"1e22d634-daf2-4ed2-9edb-2cc9a7b8e5b4"}
2023-09-26T05:35:45.227Z info: 
{"requestId":"954caaee-b95f-44ac-ac8e-1e08baf30809"}
2023-09-26T11:27:13.064Z info: 
{"requestId":"624158db-6aa9-4bcb-9e26-af06b1ef494d"}
2023-09-26T11:34:37.297Z info: 
{"requestId":"7af8650f-26e4-4010-9871-5988792ca0c7"}
2023-09-26T11:36:22.514Z info: 
{"requestId":"fe951f40-5b68-4e87-a042-c6df82bd669b"}
2023-09-27T03:37:54.465Z info: 
{"requestId":"33feef01-5153-4b45-a0d1-114980fec4aa"}
2023-09-27T03:37:54.631Z info: 
{"requestId":"77631dec-b4d8-4d48-9e9c-c4a0a2436e6f"}
2023-09-27T03:42:37.901Z info: 
{"requestId":"d8c69a9d-4465-42c2-917b-1ae34421d335"}
2023-09-27T03:43:29.179Z info: 
{"requestId":"b09fee8d-6924-4ab9-b6f2-64de7e2bfd25"}
2023-09-27T03:44:03.400Z info: 
{"requestId":"2872b24e-2074-4d6f-bde3-985cda759574"}
2023-09-27T03:44:20.163Z info: 
{"requestId":"51d16e32-0564-435c-b0ca-c97f7603dede"}
2023-09-27T03:45:41.123Z info: 
{"requestId":"68a86ab3-a5a7-46e8-b002-57b1753d5f74"}
2023-09-27T03:45:46.673Z info: 
{"requestId":"57a7ccbd-062a-4054-ae18-a2713b43e257"}
2023-09-27T03:45:46.772Z info: 
{"requestId":"3893a80e-5e46-4487-b026-a7960f665196"}
2023-09-27T03:47:03.772Z info: 
{"requestId":"4c7600d9-1521-407e-9cc4-9fd2948b5853"}
2023-09-27T03:47:16.020Z info: 
{"requestId":"a5f8092f-f2e4-4818-9260-c76dd68d59e6"}
2023-09-27T03:47:16.115Z info: 
{"requestId":"b4cd3e75-bfc0-43ec-aa86-59d1bb082c9f"}
2023-09-27T03:47:47.335Z info: 
{"requestId":"8fed71a2-5664-427c-8bd9-8de585be0632"}
2023-09-27T03:47:47.499Z info: 
{"requestId":"2a8de85b-4cc8-40b8-8a10-b791604ee4b0"}
2023-09-27T03:48:33.769Z info: 
{"requestId":"84d4afb8-10e9-47f6-a61c-61ae89299c83"}
2023-09-27T03:48:33.859Z info: 
{"requestId":"a3adffd7-07ec-404d-9687-bacaae732814"}
2023-09-27T03:48:36.156Z info: 
{"requestId":"336a2f57-7b7b-4d23-9107-6fbe4a0f51c1"}
2023-09-27T03:49:20.676Z info: 
{"requestId":"7c923886-e958-4fc7-9553-0b1eca4c482c"}
2023-09-27T03:49:20.760Z info: 
{"requestId":"a063f758-cdb6-445e-91d0-036cbba163b7"}
2023-09-27T04:41:19.071Z info: 
{"requestId":"182c4424-ccce-41c5-b64b-deef969340cb"}
2023-09-27T04:41:19.181Z info: 
{"requestId":"a6600919-cebd-4a59-8586-428f550fb792"}
2023-09-27T05:04:38.755Z info: 
{"requestId":"60c9e17d-173d-4f9f-bea0-312ce45af39d"}
2023-09-27T05:04:38.853Z info: 
{"requestId":"8298c526-5a7a-4788-aec8-f8e69de0d268"}
2023-09-27T05:08:21.341Z info: 
{"requestId":"ff2f26cc-17a9-46d4-be24-357d8df373a2"}
2023-09-27T05:08:21.436Z info: 
{"requestId":"d2fa5783-3515-4075-89d6-00bd6d6204a5"}
2023-09-27T05:13:00.746Z info: 
{"requestId":"9d05f3d1-2839-435e-a4fe-eaf34693629f"}
2023-09-27T05:13:00.838Z info: 
{"requestId":"2e873fba-fb3b-43ee-80e0-7ac685eecc18"}
2023-09-27T05:24:55.632Z info: 
{"requestId":"437d1e3c-2290-477f-85da-c5c77ea47498"}
2023-09-27T05:24:55.726Z info: 
{"requestId":"66d7e83f-eca0-427c-b35b-b22c3fbf10c5"}
2023-09-27T05:25:26.421Z info: 
{"requestId":"8a39562f-e79c-460d-85be-b6d7a1b72904"}
2023-09-27T05:25:26.510Z info: 
{"requestId":"48ca9221-055f-4b9b-becf-bef936a34e7f"}
2023-09-27T05:25:40.007Z info: 
{"requestId":"2215d323-f37e-419a-b3fe-e699e32c7e81"}
2023-09-27T05:29:54.583Z info: 
{"requestId":"0851d9f4-dee6-4395-8d72-d345755f8e7d"}
2023-09-27T05:30:10.181Z info: 
{"requestId":"81695786-f637-400d-afd3-732098cbe8a4"}
2023-09-27T05:30:31.584Z info: 
{"requestId":"7b87d3ae-1d65-4883-9ace-9de500f17c15"}
2023-09-27T05:30:31.682Z info: 
{"requestId":"912df056-45eb-49ae-8c55-ee40d4823bb2"}
2023-09-27T05:30:39.737Z info: 
{"requestId":"54af9218-d211-4409-891c-a2c8850c920b"}
2023-09-27T05:30:39.796Z info: 
{"requestId":"8c7a2b64-1dfc-4dce-b7f0-f0fc8ece5c6a"}
2023-09-27T05:32:17.618Z info: 
{"requestId":"9e8bdbb8-a843-4e93-a4c6-502174fdfe11"}
2023-09-27T06:19:25.949Z info: 
{"requestId":"31de7403-8dd0-4b5b-9ac7-ad6a241ba2f1"}
2023-09-27T06:20:00.933Z info: 
{"requestId":"9a10d709-cf11-45a1-8eea-44ed8399ea6a"}
2023-09-27T06:20:01.282Z info: 
{"requestId":"7432c20c-b7b5-4d5a-bd57-ac08b6f98cf4"}
2023-09-27T06:32:37.815Z info: 
{"requestId":"484b4d87-8a2b-42ae-b886-cfa7c7ae4408"}
2023-09-27T06:32:38.047Z info: 
{"requestId":"9d02ea3d-c722-4ef5-9c79-a8e7046c9841"}
2023-09-27T06:34:59.277Z info: 
{"requestId":"65650dfc-3839-4384-b926-2b494db87312"}
2023-09-27T06:34:59.416Z info: 
{"requestId":"5e6113c8-c6f2-4880-877f-4c0c9b6a2a34"}
2023-09-27T06:38:19.261Z info: 
{"requestId":"459af73a-18f5-4b4b-9cf5-2ec41ee71b7f"}
2023-09-27T06:38:19.441Z info: 
{"requestId":"b5482755-10f1-43ac-bca0-8181956c1030"}
2023-09-27T06:38:31.624Z info: 
{"requestId":"7b1c46ad-215e-4661-bd04-2b6d3e018ba9"}
2023-09-27T06:38:31.873Z info: 
{"requestId":"2d4eea04-1919-4d39-93f7-15a6c4de7c1d"}
2023-09-27T06:38:55.817Z info: 
{"requestId":"313cd1bd-489a-4da5-aeaa-8915a57c2b05"}
2023-09-27T06:38:56.082Z info: 
{"requestId":"55899fc3-9e65-4779-9a56-9608f68ee546"}
2023-09-27T06:42:14.690Z info: 
{"requestId":"c7a0cecf-391f-4c8a-826c-e3230f379155"}
2023-09-27T07:19:38.153Z info: 
{"requestId":"749c02b8-39ca-4970-952d-68fd75ce9d6a"}
2023-09-27T07:19:38.333Z info: 
{"requestId":"405b7d29-3f51-49f6-90f5-41da5dd484e2"}
2023-09-27T07:20:04.206Z info: 
{"requestId":"b206f405-9f06-4fc0-a6e3-08a0dbbcd077"}
2023-09-27T07:20:04.368Z info: 
{"requestId":"6308d06b-5bd0-44bf-ba3a-0edd860117d3"}
2023-09-27T07:33:33.828Z info: 
{"requestId":"d2fa06cd-5ea5-4850-be8b-43bbee17efd1"}
2023-09-27T07:33:33.905Z info: 
{"requestId":"de4603eb-6dcb-4bea-940f-199b63cb5fb7"}
2023-09-27T07:34:23.382Z info: 
{"requestId":"1ec33e9b-b4f7-4455-9029-ff8c7c53bfc2"}
2023-09-27T07:34:35.802Z info: 
{"requestId":"058724fb-547c-4833-a792-9ac646301a59"}
2023-09-27T07:34:35.966Z info: 
{"requestId":"f1b6224f-06bd-423e-bc38-69c62cd716ed"}
2023-09-27T07:34:54.375Z info: 
{"requestId":"6f57e9bf-ce39-4dd1-acff-2efbc69754ba"}
2023-09-27T07:34:54.462Z info: 
{"requestId":"9b8111c6-bac2-4a9d-b2c8-c9c53a1cc588"}
2023-09-27T07:37:24.792Z info: 
{"requestId":"db3e168c-1246-4600-bc50-b861ce189d44"}
2023-09-27T07:37:24.854Z info: 
{"requestId":"5397f95c-6a7c-426b-bbaf-d8b6538fee08"}
2023-09-27T07:38:03.411Z info: 
{"requestId":"875cef09-8118-4225-8b8c-4c96b38ffeb7"}
2023-09-27T07:38:03.438Z info: 
{"requestId":"ebc10820-5349-40be-aa4d-1e821566d386"}
2023-09-27T07:38:43.486Z info: 
{"requestId":"b6a92766-444f-4537-813a-4fd30958f9d4"}
2023-09-27T07:38:43.648Z info: 
{"requestId":"792ac4b7-f744-4e44-aebb-dcdf3005dbbd"}
2023-09-27T07:42:30.555Z info: 
{"requestId":"ea14d5c7-8b84-424d-9358-01645ea60367"}
2023-09-27T07:42:30.645Z info: 
{"requestId":"d5027e97-6c99-4ae9-94a8-8b1b7fd37915"}
2023-09-27T07:43:06.718Z info: 
{"requestId":"4a661fbe-aaef-4c24-b96f-b77f85539725"}
2023-09-27T07:43:06.822Z info: 
{"requestId":"0a488b7b-687f-4e48-9b3b-f1ceb1cb7a22"}
2023-09-27T07:43:41.546Z info: 
{"requestId":"ad9ccaf0-dcf8-494d-b78a-b1c19e55164e"}
2023-09-27T07:43:41.768Z info: 
{"requestId":"54d9eba4-8671-4b1f-89d6-ada97452f182"}
2023-09-27T07:43:50.406Z info: 
{"requestId":"0013134a-6151-4cb8-bbf3-9146b582188a"}
2023-09-27T07:43:50.506Z info: 
{"requestId":"1ced2e62-30b5-475d-8936-4bff502a59e7"}
2023-09-27T07:44:26.161Z info: 
{"requestId":"faa8c6d0-aa21-46f9-ae2a-36ce5b50a760"}
2023-09-27T07:44:26.217Z info: 
{"requestId":"58bef16c-2b4a-4f73-969b-90574e4b5796"}
2023-09-27T07:44:26.264Z info: 
{"requestId":"48b294cd-8989-4f97-8bac-9fdcd5e9c47a"}
2023-09-27T07:45:17.493Z info: 
{"requestId":"bbfbcde8-68ed-4117-9290-e212d907ff2c"}
2023-09-27T07:45:17.746Z info: 
{"requestId":"cc948bfc-6bf3-42b9-b419-2144bb096890"}
2023-09-27T07:45:24.634Z info: 
{"requestId":"4dea15d9-5fa8-4b89-8e6c-f9fe0425bef4"}
2023-09-27T07:45:24.641Z info: 
{"requestId":"3893c3b7-bf3a-4508-9724-63fda7fdeb89"}
2023-09-27T07:45:24.672Z info: 
{"requestId":"fe78f33b-7117-4c47-bb14-90cc0de13596"}
2023-09-27T07:45:47.788Z info: 
{"requestId":"71c3a934-e7b7-408e-8890-8ae35667bfb6"}
2023-09-27T07:45:47.805Z info: 
{"requestId":"3d509da6-9c92-4287-bac8-63c9e7b85eba"}
2023-09-27T07:45:47.879Z info: 
{"requestId":"6ba1a045-cac4-4bf2-83ec-b4009dcedb7a"}
2023-09-27T07:47:32.116Z info: 
{"requestId":"30cd0b8a-b19c-4827-9458-1d3ee12d642c"}
2023-09-27T07:47:32.278Z info: 
{"requestId":"2693de29-6ea0-481b-aa3a-67ea40f9c114"}
2023-09-27T07:47:48.265Z info: 
{"requestId":"5d782909-de53-4796-a4ea-68fa9dcd6b28"}
2023-09-27T07:47:48.283Z info: 
{"requestId":"85a6b304-d372-4fb3-ac35-aab0c2b1b60c"}
2023-09-27T07:47:48.360Z info: 
{"requestId":"2afb0001-bcc3-4d82-92f3-eea7c559c54d"}
2023-09-27T07:48:37.726Z info: 
{"requestId":"8145edb0-493e-4c62-966d-1c4161e3afd8"}
2023-09-27T07:48:37.867Z info: 
{"requestId":"35aeb3d4-a5fe-4b62-a40f-c7f8a02ed5d8"}
2023-09-27T07:48:49.555Z info: 
{"requestId":"b4038a94-ce7f-4ebd-afed-97ca1593b91d"}
2023-09-27T07:48:49.628Z info: 
{"requestId":"17228b56-f35e-4444-8633-d36dca54211c"}
2023-09-27T07:48:49.713Z info: 
{"requestId":"fecfd1c9-dda7-47da-b7b5-c8ee71ef41f9"}
2023-09-27T07:49:41.072Z info: 
{"requestId":"c64f8c8e-867e-4c66-b25e-a1c6afb0178a"}
2023-09-27T07:50:57.848Z info: 
{"requestId":"28334f86-fde5-4a0f-b891-c409f2cae6e5"}
2023-09-27T07:50:58.108Z info: 
{"requestId":"03834d0b-0a68-4cc5-9f14-36145ff190c1"}
2023-09-27T07:51:06.873Z info: 
{"requestId":"4e8480ec-dd4b-4621-b9b3-3f52f020742d"}
2023-09-27T07:51:07.007Z info: 
{"requestId":"4cd4655b-d4a5-4390-bdf1-d4411978290e"}
2023-09-27T07:51:11.503Z info: 
{"requestId":"8fa59f6e-5858-4dde-8316-a32d13e51eb7"}
2023-09-27T07:55:09.674Z info: 
{"requestId":"bd45fb63-31a8-4d3e-be99-8a59f5e225b1"}
2023-09-27T07:55:09.893Z info: 
{"requestId":"0e12ecfd-044b-4a4b-8880-fa3902543a51"}
2023-09-27T07:55:17.968Z info: 
{"requestId":"23014c81-9c11-4b9e-aa41-6e7389126268"}
2023-09-27T07:55:18.090Z info: 
{"requestId":"5cffa3cd-b08b-4e68-9886-b4f8ae1305db"}
2023-09-27T07:55:22.452Z info: 
{"requestId":"9797c1a7-d559-46d3-94d7-e263444c8ab4"}
2023-09-27T07:55:31.369Z info: 
{"requestId":"7bf070e5-4570-4f97-b804-4c76c088fbfe"}
2023-09-27T07:55:31.539Z info: 
{"requestId":"25b30a23-d981-456a-8c92-d88b1b12d353"}
2023-09-27T08:13:38.475Z info: 
{"requestId":"703b3a94-8f78-4784-9ba2-3e84f6ce98a3"}
2023-09-27T08:13:38.642Z info: 
{"requestId":"2b1a36a5-9add-4a99-9466-584737bec9a2"}
2023-09-27T08:15:58.501Z info: 
{"requestId":"3fa877c2-8d72-4e15-9681-8857d623b209"}
2023-09-27T08:16:20.126Z info: 
{"requestId":"7b01e1c6-7b88-416e-bda7-075a687661a2"}
2023-09-27T08:17:21.035Z info: 
{"requestId":"520f9061-69d2-4049-97dc-490265903892"}
2023-09-27T08:17:21.074Z info: 
{"requestId":"c2f86dd3-30e6-4bbd-9852-7bad3151eb53"}
2023-09-27T08:17:27.056Z info: 
{"requestId":"b83cf556-9740-4b4a-a064-e80c02e395bc"}
2023-09-27T09:44:14.571Z info: 
{"requestId":"3487d2bd-fc7f-41f4-9dd0-28985d3c344d"}
2023-09-27T09:44:14.705Z info: 
{"requestId":"6d644fdb-d14f-4933-a575-973075f9146c"}
2023-09-27T09:44:24.911Z info: 
{"requestId":"828c0323-4ac1-4cf3-8c98-1cdc075a7838"}
2023-09-27T09:44:24.951Z info: 
{"requestId":"de6a5787-afc1-4919-be25-9e9f0b9a4b77"}
2023-09-27T09:44:36.490Z info: 
{"requestId":"aa5f3bb8-68e9-4894-994e-616e542c264e"}
2023-09-27T09:44:57.302Z info: 
{"requestId":"e1903652-78da-4726-9be7-722e4d53f94b"}
2023-09-27T09:44:57.402Z info: 
{"requestId":"e55c76a2-155c-41e4-8669-eaa4c047a97e"}
2023-09-27T10:23:13.198Z info: 
{"requestId":"27b36122-449f-49a6-b89e-ffaa830fd5d0"}
2023-09-27T10:23:13.299Z info: 
{"requestId":"05a598ce-e764-4dfd-9cfe-8f341c071795"}
2023-09-27T10:23:15.361Z info: 
{"requestId":"d98d2729-623d-4a2e-9e04-c4c1f3115448"}
2023-09-27T10:23:15.397Z info: 
{"requestId":"ee33c36d-e027-47dc-8d66-e6c8b32f64ed"}
2023-09-27T10:23:23.808Z info: 
{"requestId":"c568c96d-f88f-41da-996b-ed698f12c9ff"}
2023-09-27T10:23:23.879Z info: 
{"requestId":"ca4794a0-9bb5-44e9-b82a-39335b4eb6da"}
2023-09-27T10:27:45.649Z info: 
{"requestId":"e3862b55-d6b1-49c1-84d5-76856acc86d4"}
2023-09-27T10:28:06.207Z info: 
{"requestId":"ba5ef209-f12b-4765-b800-64722955cb75"}
2023-09-27T10:28:06.229Z info: 
{"requestId":"cb20ed8c-ef97-4ba9-8739-88b90cbe4f4c"}
2023-09-27T10:28:32.829Z info: 
{"requestId":"68a313bc-7f0a-4e29-b612-2c81d7f60257"}
2023-09-27T10:28:32.927Z info: 
{"requestId":"5f64a199-8da9-4239-bc22-cce5995c8b65"}
2023-09-27T10:30:33.778Z info: 
{"requestId":"0f41fb9d-356a-4ae0-ba64-b4c3acaa6cfa"}
2023-09-27T10:30:33.818Z info: 
{"requestId":"e3f3588d-702d-432d-acce-f859c20cad9c"}
2023-09-27T10:30:46.026Z info: 
{"requestId":"4cb37584-7875-437a-80ca-a025e8177096"}
2023-09-27T10:30:46.118Z info: 
{"requestId":"918df451-fc86-49ba-986b-b0d71e44aaa6"}
2023-09-27T10:31:47.879Z info: 
{"requestId":"9795c32a-e509-4657-b63f-6d63dbec7c86"}
2023-09-27T10:32:00.655Z info: 
{"requestId":"f8c40206-35cb-4225-b7ae-ee443dd90e78"}
2023-09-27T10:32:00.826Z info: 
{"requestId":"593769bd-f958-4b03-8e1a-4fa85b7b9461"}
2023-09-27T10:32:02.799Z info: 
{"requestId":"695010b1-ea68-402f-83ee-1fc8150a8453"}
2023-09-27T10:32:02.929Z info: 
{"requestId":"0eac6b3a-f962-4834-94d3-8b9dfd6d1944"}
2023-09-27T10:32:09.431Z info: 
{"requestId":"c88f7761-a143-4b6f-b4d7-4e1eab8bf26d"}
2023-09-27T10:32:09.581Z info: 
{"requestId":"f8482882-c6f4-4900-bf97-62724913bb5e"}
2023-09-27T10:35:18.642Z info: 
{"requestId":"94ebbe33-5411-481b-906a-e5c16e5d2909"}
2023-09-27T10:35:23.254Z info: 
{"requestId":"47c247fa-2bae-4eb1-853b-703e0b4b7038"}
2023-09-27T10:35:23.318Z info: 
{"requestId":"f307066b-e48f-471d-a348-cc7ee34fb15c"}
2023-09-27T10:35:34.953Z info: 
{"requestId":"0a4fe964-f242-4983-ace9-3dba8f279ada"}
2023-09-27T10:35:35.073Z info: 
{"requestId":"37b4ea5f-70ac-49ca-9d9f-ac74825e18c6"}
2023-09-27T10:37:58.264Z info: 
{"requestId":"e194f6a3-5432-4100-8cab-55ee15f79192"}
2023-09-27T10:37:58.327Z info: 
{"requestId":"58dcfaae-fb9b-4e02-9463-62d61350b218"}
2023-09-27T10:40:38.632Z info: 
{"requestId":"a035b9e3-d943-4f5c-9bb9-d8b7d58fcf65"}
2023-09-27T10:40:46.171Z info: 
{"requestId":"56f9bde8-7459-484f-9eaf-c186870f750e"}
2023-09-27T10:40:46.304Z info: 
{"requestId":"75144f44-f911-4226-a9b5-f51e857a2833"}
2023-09-27T10:41:48.535Z info: 
{"requestId":"e527652a-d93a-400f-b9b6-55372ebfbf21"}
2023-09-27T10:42:06.946Z info: 
{"requestId":"26a096df-50ff-4d60-ba80-f430be7c7fe9"}
2023-09-27T10:42:07.056Z info: 
{"requestId":"3a4175e8-ed2d-4e75-89a8-1188e189ab19"}
2023-09-27T10:42:08.829Z info: 
{"requestId":"4260480e-56b4-4bc8-883f-48ee3433d451"}
2023-09-27T10:42:08.912Z info: 
{"requestId":"fc999f20-38c2-4916-bd4d-7414e066077d"}
2023-09-27T10:42:29.891Z info: 
{"requestId":"8ee1e36f-0823-4eef-84c5-bd38ba104c6d"}
2023-09-27T10:42:49.629Z info: 
{"requestId":"b1f46e5e-e90c-4382-91b3-44042c19c2a0"}
2023-09-27T11:41:47.712Z info: 
{"requestId":"d719a543-f387-43ea-a38a-a3fdd87191bf"}
2023-09-27T11:42:15.195Z info: 
{"requestId":"409bd3d7-d4f8-42df-8500-d0997b51efe3"}
2023-09-27T11:42:25.971Z info: 
{"requestId":"ced4d9a0-d18c-49f2-94f2-c8cd54c802b2"}
2023-09-27T11:42:26.172Z info: 
{"requestId":"72927fe1-b414-42f4-a04f-67441821d1ee"}
2023-09-27T11:42:41.144Z info: 
{"requestId":"d4bdc05a-7e8e-4881-af98-2b2cfb1558c5"}
2023-09-27T11:42:41.237Z info: 
{"requestId":"dcb6ed59-8f24-4831-b535-efe03bb52e35"}
2023-09-27T11:42:46.667Z info: 
{"requestId":"d8b57fd2-e760-41ef-83aa-a46fc2a70cdf"}
2023-09-27T11:42:46.804Z info: 
{"requestId":"11b32a5a-5a6f-4d43-9d60-4bdd19729dbe"}
2023-09-27T11:46:42.051Z info: 
{"requestId":"eec421e3-2fa4-4ae1-b22a-083b7f3651c8"}
2023-09-27T11:47:46.792Z info: 
{"requestId":"dd3a96ad-b63d-4368-83cd-ba4ff5e0dcd4"}
2023-09-27T11:47:46.968Z info: 
{"requestId":"5e57050e-ecbd-4448-84a8-bb32b00311b3"}
2023-09-27T11:48:08.890Z info: 
{"requestId":"8622886c-605c-4a26-a2b8-f519c46bad74"}
2023-09-27T11:48:08.973Z info: 
{"requestId":"741b1513-d567-4592-8b0a-dc4ac5b8bcb0"}
2023-09-27T11:48:18.957Z info: 
{"requestId":"ba460142-c884-4cd6-a8bc-0048620e4e52"}
2023-09-27T12:16:04.654Z info: 
{"requestId":"62a5da32-cece-4f9e-9cf3-c3acf8afcc01"}
2023-09-27T12:16:04.746Z info: 
{"requestId":"eb41dc79-ee93-4be2-bd37-0071b89cdad1"}
2023-09-27T12:16:14.196Z info: 
{"requestId":"b0add9e4-fee2-448b-85a8-32c7cfc1e577"}
2023-09-27T12:16:14.235Z info: 
{"requestId":"d81fb27a-0a6d-44c9-9ff3-6352ab40a1d8"}
2023-09-27T12:16:14.249Z info: 
{"requestId":"f83c7aa5-d51d-4de2-94c8-269c7f7a1fb0"}
2023-09-28T03:32:26.499Z info: 
{"requestId":"809db8b4-02b2-4b8a-8019-3f0bb65ef580"}
2023-09-28T03:33:17.451Z info: 
{"requestId":"5bf3dd02-d0c5-42da-9b70-6633a7e52144"}
2023-09-28T03:38:34.404Z info: 
{"requestId":"298abf9f-08b8-488d-b350-55dabd95275f"}
2023-09-28T03:38:47.415Z info: 
{"requestId":"03c03a6f-b7a2-4608-ae64-3fccd1de3def"}
2023-09-28T03:38:47.547Z info: 
{"requestId":"27dd6b6c-e1f2-4e85-8883-a69b57ecc4bd"}
2023-09-28T03:49:13.949Z info: 
{"requestId":"fa9792ca-f20b-4e3b-a87c-3a4bc9b98125"}
2023-09-28T03:49:13.990Z info: 
{"requestId":"91c5656e-d279-48b9-9175-6209301e1b52"}
2023-09-28T03:49:25.115Z info: 
{"requestId":"fe8dfc17-0887-431d-ae29-9e5a84e22675"}
2023-09-28T03:49:25.241Z info: 
{"requestId":"10d83bda-bc93-456d-82a7-83f70f056ace"}
2023-09-28T03:50:21.202Z info: 
{"requestId":"e0900b7e-4e88-424c-a063-1000c071bce5"}
2023-09-28T03:50:24.073Z info: 
{"requestId":"085d7bd9-f81e-467e-a137-09a63fc93d96"}
2023-09-28T03:50:24.115Z info: 
{"requestId":"5f974e83-565f-4270-9f98-623ffa545f9a"}
2023-09-28T03:50:30.629Z info: 
{"requestId":"32b537eb-661f-49ed-9622-9ac1e8f53704"}
2023-09-28T03:50:30.788Z info: 
{"requestId":"9b603d1f-3188-4b28-afe9-3187f21a5261"}
2023-09-28T03:51:53.546Z info: 
{"requestId":"3195a2c1-9e32-41aa-b0f7-6c7bb8d4f753"}
2023-09-28T03:52:00.836Z info: 
{"requestId":"8c8e5a70-1104-4c0f-97b3-d1ce70df0774"}
2023-09-28T03:52:00.896Z info: 
{"requestId":"4af180ff-50d8-45fd-b2e7-3637ddbb9f5c"}
2023-09-28T03:52:06.266Z info: 
{"requestId":"e9d84c55-dee1-44fa-bc2c-712323b18fd5"}
2023-09-28T03:52:06.386Z info: 
{"requestId":"e520cd2b-760e-4769-93da-e373bbee94b1"}
2023-09-28T03:52:40.450Z info: 
{"requestId":"41bef1ab-8455-4c3f-8316-3877b02e6313"}
2023-09-28T03:52:42.429Z info: 
{"requestId":"6652757f-e360-4e81-8322-c24b0dc752cf"}
2023-09-28T03:52:42.475Z info: 
{"requestId":"3148328d-a879-495e-b37a-1eab96f1c322"}
2023-09-28T03:52:48.484Z info: 
{"requestId":"e16cd03e-f952-4e5a-9527-b8097878545b"}
2023-09-28T03:52:48.599Z info: 
{"requestId":"56e1648c-7228-448d-be59-90c3bd6f97f8"}
2023-09-28T03:52:52.415Z info: 
{"requestId":"db82c1ba-8804-451b-966c-0691a5ac52e5"}
2023-09-28T03:52:52.454Z info: 
{"requestId":"42979042-ffd9-43fb-a7e7-5af109fc160e"}
2023-09-28T03:52:58.916Z info: 
{"requestId":"9d224263-19e5-4d8c-8dd3-e894d9c27b1d"}
2023-09-28T03:53:11.800Z info: 
{"requestId":"f9a930ea-9ae5-4007-b70f-efa254856dd3"}
2023-09-28T03:53:12.030Z info: 
{"requestId":"298cd81f-392f-42e6-a733-af0865373e1f"}
2023-09-28T03:54:51.941Z info: 
{"requestId":"e8a47a82-fd9d-4644-8a52-41e3548c8c6e"}
2023-09-28T03:54:52.162Z info: 
{"requestId":"8268f8b6-53d5-4bd9-8fa2-4984b5ca27b1"}
2023-09-28T03:54:58.086Z info: 
{"requestId":"e75ed7f2-d150-4000-855f-f8c155ed371f"}
2023-09-28T03:54:58.235Z info: 
{"requestId":"73583ada-3b8c-4a7f-87ee-b1f18ada0c0a"}
2023-09-28T03:55:53.491Z info: 
{"requestId":"873ad394-d19b-4b9b-a8c3-b68ed92ddd2c"}
2023-09-28T03:56:11.775Z info: 
{"requestId":"c982b1e6-fd85-42af-9e10-f8180ae2cead"}
2023-09-28T03:56:11.832Z info: 
{"requestId":"81003b20-afb6-4867-9f08-2ac985cf96c8"}
2023-09-28T03:56:18.428Z info: 
{"requestId":"e0205bd2-c095-4dfd-b333-49418045a144"}
2023-09-28T03:56:18.559Z info: 
{"requestId":"df4c9a4d-be29-48f2-9bd7-2e39bd16edb0"}
2023-09-28T03:57:07.471Z info: 
{"requestId":"ed00dbd7-edf2-4a91-b2d6-1d00addf73f8"}
2023-09-28T03:57:10.247Z info: 
{"requestId":"1f7f7b7d-6db7-42ee-8415-b0a4920b2b3d"}
2023-09-28T03:57:10.278Z info: 
{"requestId":"4c73ae98-03a5-4d40-91ed-4278e79e4a81"}
2023-09-28T03:57:16.132Z info: 
{"requestId":"8255b9ef-c59f-4102-b513-57b5dc2b5b89"}
2023-09-28T03:57:16.250Z info: 
{"requestId":"1b8a97a7-6d51-411a-89e8-6856432144f8"}
2023-09-28T03:57:56.703Z info: 
{"requestId":"027b9049-cd85-4793-ae18-a03c92702670"}
2023-09-28T03:57:56.767Z info: 
{"requestId":"8e4a6809-4175-4629-a668-5997ec99efa6"}
2023-09-28T03:58:03.085Z info: 
{"requestId":"3a8408ca-dd1a-405c-8ac5-09f6fa7b9f4c"}
2023-09-28T03:58:35.699Z info: 
{"requestId":"f0220abc-d2d1-452b-862a-e7bc6a71e482"}
2023-09-28T03:58:35.878Z info: 
{"requestId":"ea1ff3ba-e1f6-4c0e-975e-333ad024fcc8"}
2023-09-28T04:08:38.243Z info: 
{"requestId":"08364a2b-c12c-4bad-9863-9d88c2f917f0"}
2023-09-28T04:15:07.517Z info: 
{"requestId":"5df51299-68d2-423c-bba5-91976ad60c46"}
2023-09-28T04:15:48.264Z info: 
{"requestId":"aa0fe66d-8bab-49c3-a88f-b22a3bad1363"}
2023-09-28T04:15:48.368Z info: 
{"requestId":"fbab2023-1d2b-45e9-a8f3-c026bd1a6171"}
2023-09-28T04:18:13.971Z info: 
{"requestId":"9a85503e-072a-4cb2-acd4-7b9ba4ef93e1"}
2023-09-28T04:18:20.367Z info: 
{"requestId":"0b0eb2bd-f544-48d7-a11b-a2535deef9e4"}
2023-09-28T04:18:20.491Z info: 
{"requestId":"e410ac63-bb79-4beb-a4a8-84aebaf1a1f5"}
2023-09-28T04:18:53.470Z info: 
{"requestId":"3f119add-d699-4ca2-b952-c1d8f03716c8"}
2023-09-28T04:19:05.429Z info: 
{"requestId":"b80cc974-c112-40c1-93a3-57219e3403e9"}
2023-09-28T04:19:05.561Z info: 
{"requestId":"46461b06-de82-4757-b9c3-61cfeaa1eaf6"}
2023-09-28T04:19:49.819Z info: 
{"requestId":"95b94925-cbf5-4f3d-8497-b2e636416e5d"}
2023-09-28T04:20:02.503Z info: 
{"requestId":"e2d83978-bff1-420c-89d0-079746031542"}
2023-09-28T04:20:02.774Z info: 
{"requestId":"7e5d8b4b-4676-4821-a4a7-ba1a7553a2ea"}
2023-09-28T04:20:27.997Z info: 
{"requestId":"3227d0cf-0c4d-4351-8af7-0457f1f46777"}
2023-09-28T04:20:28.128Z info: 
{"requestId":"852196db-61d5-47c6-b9e5-7dadbf1f4e5a"}
2023-09-28T04:21:02.496Z info: 
{"requestId":"bb4fc76f-9848-4a79-9086-c3ea0d219878"}
2023-09-28T04:21:38.047Z info: 
{"requestId":"7a1391c5-c3f2-4207-9421-6e576fe0fb27"}
2023-09-28T04:21:47.292Z info: 
{"requestId":"a1a9c8c3-299b-4871-86b0-990802ff5dae"}
2023-09-28T04:21:47.506Z info: 
{"requestId":"b077650e-7bcb-405b-9e96-20b700906bd1"}
2023-09-28T04:21:58.246Z info: 
{"requestId":"a5577ff4-2290-434a-a945-9ed774a7ea51"}
2023-09-28T04:21:58.313Z info: 
{"requestId":"dd316690-d077-4360-b460-61eb3a43116e"}
2023-09-28T04:22:40.491Z info: 
{"requestId":"ed7625be-b024-4229-bf7a-46e68b7e5df9"}
2023-09-28T04:23:01.486Z info: 
{"requestId":"948e6411-3ada-477a-b38b-ab3900ec1458"}
2023-09-28T04:23:01.612Z info: 
{"requestId":"c727bf6e-3692-4cf0-8df5-51b48692555f"}
2023-09-28T04:23:35.469Z info: 
{"requestId":"a4bfe2b4-be3e-4de1-8fbe-d067b5da326d"}
2023-09-28T04:23:46.526Z info: 
{"requestId":"bcb8e33b-be25-4c45-940f-5e1e42e14197"}
2023-09-28T04:23:46.790Z info: 
{"requestId":"7a12e3d0-60ee-4316-9463-5ab37a913a02"}
2023-09-28T04:23:53.537Z info: 
{"requestId":"be1916a8-13df-4b23-ae58-b8339a5daa5d"}
2023-09-28T04:23:53.663Z info: 
{"requestId":"6e5dd871-9dd1-4ea4-9791-21bf7e311636"}
2023-09-28T04:25:50.048Z info: 
{"requestId":"3b71f640-3136-4fb0-b4a9-907a278959ee"}
2023-09-28T04:26:06.314Z info: 
{"requestId":"dd3cf461-37f0-4d7c-932c-383e6536b82b"}
2023-09-28T04:26:06.567Z info: 
{"requestId":"6fae9ada-a74f-42c0-88a4-d652a6a1d6fc"}
2023-09-28T04:26:13.303Z info: 
{"requestId":"945c11df-a340-41c2-a591-8d7c9ecc1085"}
2023-09-28T04:26:13.417Z info: 
{"requestId":"9f4fc73e-c383-436d-8e9d-7159f97c66e4"}
2023-09-28T04:26:20.949Z info: 
{"requestId":"e2c778fa-5484-4a40-8d0e-08e56bcfa28d"}
2023-09-28T04:26:21.112Z info: 
{"requestId":"de06d136-e20a-4a04-859d-7bbb4f266648"}
2023-09-28T04:26:38.588Z info: 
{"requestId":"8141a445-b03e-429a-82c8-dcee7d8bb758"}
2023-09-28T04:26:40.600Z info: 
{"requestId":"3a6e9854-eb7e-484c-9b28-806b869b3cbd"}
2023-09-28T04:26:40.642Z info: 
{"requestId":"c8423f64-3074-42d8-a626-2683320f337b"}
2023-09-28T04:26:55.059Z info: 
{"requestId":"111b6f3e-0466-4386-b60d-7f73f17b78c0"}
2023-09-28T04:27:03.243Z info: 
{"requestId":"96108b72-a9b8-46f1-b5fd-1d8a612e651e"}
2023-09-28T04:27:03.472Z info: 
{"requestId":"0a7e7d09-43d6-4d33-9eb4-6d3e433f64af"}
2023-09-28T04:27:58.714Z info: 
{"requestId":"77731821-4000-477a-98d2-338cb9b26ea0"}
2023-09-28T04:27:58.857Z info: 
{"requestId":"546bc7b3-4e57-4ad6-87d2-004ccbe1e901"}
2023-09-28T04:28:09.436Z info: 
{"requestId":"aaeb6089-c330-4579-85eb-9ff9997f029d"}
2023-09-28T04:28:09.543Z info: 
{"requestId":"4a68bcc9-7294-4bcf-a1e3-9826f84bd0f2"}
2023-09-28T04:28:39.498Z info: 
{"requestId":"719903b2-c54a-4752-9438-60ca6c817525"}
2023-09-28T04:28:39.535Z info: 
{"requestId":"e6dfd10e-11b7-43e5-b6a2-1434537ac452"}
2023-09-28T04:28:46.713Z info: 
{"requestId":"38a0817f-0ed3-47dc-b89e-12ada35414bd"}
2023-09-28T04:28:46.842Z info: 
{"requestId":"99766659-9d4e-40fb-93cb-363a24e0ad54"}
2023-09-28T04:28:53.631Z info: 
{"requestId":"ca1edec6-a541-455b-99e8-c801b0bf20ed"}
2023-09-28T04:28:53.787Z info: 
{"requestId":"4263c2a9-2978-4c50-869d-3ad5295bcadb"}
2023-09-28T04:28:57.718Z info: 
{"requestId":"2e7edb3f-0a53-461f-bbd6-9a7c0c9ac8f2"}
2023-09-28T04:28:57.780Z info: 
{"requestId":"a772151e-c748-4bdf-876c-ab7af70fca67"}
2023-09-28T04:29:31.283Z info: 
{"requestId":"58f84468-4669-4ebd-be59-21756e0daf6e"}
2023-09-28T04:29:31.456Z info: 
{"requestId":"8aca12c2-7b4a-43b3-8de6-2b5281f22ddf"}
2023-09-28T04:29:40.301Z info: 
{"requestId":"73242faa-c09e-4510-afdc-6a0b46373067"}
2023-09-28T04:29:40.422Z info: 
{"requestId":"9b60617e-0f72-4b60-9aba-f8f42a59f13a"}
2023-09-28T04:29:49.712Z info: 
{"requestId":"e6dac020-e48a-475f-badd-d84cd9383c86"}
2023-09-28T04:30:21.754Z info: 
{"requestId":"943ee162-11c3-4ac9-b9f2-8ac04b1a494a"}
2023-09-28T04:30:32.262Z info: 
{"requestId":"e6bc1959-10dc-4084-9a97-166d1f06336a"}
2023-09-28T04:30:32.460Z info: 
{"requestId":"a1bac574-f110-49c9-800f-41557d61e686"}
2023-09-28T04:31:27.564Z info: 
{"requestId":"02d69bf6-62b9-4ec2-ac63-bd34b3145c1a"}
2023-09-28T04:31:27.805Z info: 
{"requestId":"e4ac4f2d-aa72-4dc2-b41d-a8a975884be6"}
2023-09-28T04:31:36.237Z info: 
{"requestId":"e4444a08-644b-421e-9b82-2eaec0d69646"}
2023-09-28T04:31:36.375Z info: 
{"requestId":"3618441d-fe44-424e-9fe6-65cd3fea7f84"}
2023-09-28T04:32:13.499Z info: 
{"requestId":"481a455d-2d29-444b-b251-35a94d01a765"}
2023-09-28T04:32:27.168Z info: 
{"requestId":"f1fcd2cb-b402-496b-9810-021bccb81120"}
2023-09-28T04:32:27.295Z info: 
{"requestId":"cfc54c0f-03f9-4e35-b5be-db0f5f0e674c"}
2023-09-28T04:32:32.819Z info: 
{"requestId":"65b64340-a361-4e58-aad5-e6895eec8bf0"}
2023-09-28T04:32:32.866Z info: 
{"requestId":"a27c2dda-d2a3-4961-bb4f-b57938b0bb53"}
2023-09-28T04:33:44.928Z info: 
{"requestId":"43e71359-dcfa-4b2a-8388-5fc453f2c231"}
2023-09-28T04:33:57.119Z info: 
{"requestId":"ba149103-0cf9-42e3-b16c-5d984d2996ab"}
2023-09-28T04:33:57.352Z info: 
{"requestId":"0d568670-4064-48ec-ac0d-caa14b6aee7c"}
2023-09-28T04:34:02.906Z info: 
{"requestId":"20a13608-fd79-4923-b7c8-ecff6e7c29b3"}
2023-09-28T04:34:03.079Z info: 
{"requestId":"fd80c32b-e696-495c-99cc-fa2cd5f056bd"}
2023-09-28T04:34:09.185Z info: 
{"requestId":"85d5cc48-3202-4867-94bc-c44719bde0ca"}
2023-09-28T04:34:09.308Z info: 
{"requestId":"a814a8df-3391-444a-a1d8-2af14333733c"}
2023-09-28T04:34:11.767Z info: 
{"requestId":"420a1ee1-d303-4609-a47b-b269d557d968"}
2023-09-28T04:34:11.805Z info: 
{"requestId":"461d0ebd-c9bf-4d45-99c4-2d3d624fb22c"}
2023-09-28T04:34:18.058Z info: 
{"requestId":"26918a62-7fd9-4d18-9b3a-ade1dadaaa2e"}
2023-09-28T04:34:18.189Z info: 
{"requestId":"dfdfe1ff-ff67-4832-ada4-dbe0eff3ede1"}
2023-09-28T04:39:04.474Z info: 
{"requestId":"586bc737-2ae6-4191-9eb3-26124aa96823"}
2023-09-28T04:45:01.667Z info: 
{"requestId":"fce9e511-2850-44eb-860f-ece4f190d0dc"}
2023-09-28T04:45:01.930Z info: 
{"requestId":"90613e09-311b-476a-baeb-a66743949e7a"}
2023-09-28T04:48:03.066Z info: 
{"requestId":"f1adad2f-1df0-4347-8651-6cdc1183f407"}
2023-09-28T04:48:03.229Z info: 
{"requestId":"f050365b-0da9-471b-89c4-459e2b7854e5"}
2023-09-28T04:50:09.767Z info: 
{"requestId":"c4f32c42-931d-4a41-8743-a086511503a8"}
2023-09-28T04:50:09.991Z info: 
{"requestId":"bf561f61-bddb-45be-b4aa-edcc75cb45cd"}
2023-09-28T04:57:51.168Z info: 
{"requestId":"be814f9d-5f40-4fb6-b78b-1f06a09c85d0"}
2023-09-28T04:57:51.278Z info: 
{"requestId":"31fe70ea-e5b7-4d45-8ecb-3b38fbd9d7a3"}
2023-09-28T05:05:24.538Z info: 
{"requestId":"6125818b-e634-49df-8843-9000193fc49d"}
2023-09-28T05:05:24.712Z info: 
{"requestId":"deedd9bb-afc0-4140-b09f-fc863fe36e0f"}
2023-09-28T05:06:09.531Z info: 
{"requestId":"39fe5d0f-eba2-4c7c-993c-8a9ade2e0ca7"}
2023-09-28T05:06:09.561Z info: 
{"requestId":"540d3898-f56d-449d-940a-b751eaf05946"}
2023-09-28T05:06:14.550Z info: 
{"requestId":"4d9d4bfc-bb91-4e14-9e9a-9e89bf7de859"}
2023-09-28T05:06:14.663Z info: 
{"requestId":"ba3a8715-c89e-49fe-ae5d-fb1869f237c4"}
2023-09-28T05:06:21.882Z info: 
{"requestId":"dffcd204-e4bd-45dd-a24f-edf4731920f1"}
2023-09-28T05:06:21.999Z info: 
{"requestId":"18458de6-89d4-4012-9375-d534c43dd182"}
2023-09-28T05:06:25.548Z info: 
{"requestId":"6de83deb-9b03-472c-b6ff-f0ffac90fbd1"}
